# JRE version: Java(TM) SE Runtime Environment (8.0_201-b09) (build 1.8.0_201-b09)
# Java VM: Java HotSpot(TM) 64-Bit Server VM (25.201-b09 mixed mode linux-amd64 compressed oops)
Heap:
 PSYoungGen      total 305664K, used 32535K [0x00000000d5580000, 0x00000000eaa80000, 0x0000000100000000)
  eden space 262144K, 0% used [0x00000000d5580000,0x00000000d5580000,0x00000000e5580000)
  from space 43520K, 74% used [0x00000000e8000000,0x00000000e9fc5ec0,0x00000000eaa80000)
  to   space 43520K, 0% used [0x00000000e5580000,0x00000000e5580000,0x00000000e8000000)
 ParOldGen       total 699392K, used 14359K [0x0000000080000000, 0x00000000aab00000, 0x00000000d5580000)
  object space 699392K, 2% used [0x0000000080000000,0x0000000080e05f30,0x00000000aab00000)
 Metaspace       used 25510K, capacity 25946K, committed 25984K, reserved 1073152K
  class space    used 2800K, capacity 2907K, committed 2944K, reserved 1048576K
GC Heap History (9 events):
Event: 2414.261 GC heap before
{Heap before GC invocations=1 (full 0):
 PSYoungGen      total 305664K, used 115353K [0x00000000d5580000, 0x00000000eaa80000, 0x0000000100000000)
  eden space 262144K, 44% used [0x00000000d5580000,0x00000000dc626440,0x00000000e5580000)
  from space 43520K, 0% used [0x00000000e8000000,0x00000000e8000000,0x00000000eaa80000)
  to   space 43520K, 0% used [0x00000000e5580000,0x00000000e5580000,0x00000000e8000000)
 ParOldGen       total 699392K, used 0K [0x0000000080000000, 0x00000000aab00000, 0x00000000d5580000)
  object space 699392K, 0% used [0x0000000080000000,0x0000000080000000,0x00000000aab00000)
 Metaspace       used 20873K, capacity 21130K, committed 21248K, reserved 1069056K
  class space    used 2438K, capacity 2516K, committed 2560K, reserved 1048576K
Event: 2414.309 GC heap after
Heap after GC invocations=1 (full 0):
 PSYoungGen      total 305664K, used 16172K [0x00000000d5580000, 0x00000000eaa80000, 0x0000000100000000)
  eden space 262144K, 0% used [0x00000000d5580000,0x00000000d5580000,0x00000000e5580000)
  from space 43520K, 37% used [0x00000000e5580000,0x00000000e654b080,0x00000000e8000000)
  to   space 43520K, 0% used [0x00000000e8000000,0x00000000e8000000,0x00000000eaa80000)
 ParOldGen       total 699392K, used 96K [0x0000000080000000, 0x00000000aab00000, 0x00000000d5580000)
  object space 699392K, 0% used [0x0000000080000000,0x0000000080018028,0x00000000aab00000)
 Metaspace       used 20873K, capacity 21130K, committed 21248K, reserved 1069056K
  class space    used 2438K, capacity 2516K, committed 2560K, reserved 1048576K
}
Event: 2414.309 GC heap before
{Heap before GC invocations=2 (full 1):
 PSYoungGen      total 305664K, used 16172K [0x00000000d5580000, 0x00000000eaa80000, 0x0000000100000000)
  eden space 262144K, 0% used [0x00000000d5580000,0x00000000d5580000,0x00000000e5580000)
  from space 43520K, 37% used [0x00000000e5580000,0x00000000e654b080,0x00000000e8000000)
  to   space 43520K, 0% used [0x00000000e8000000,0x00000000e8000000,0x00000000eaa80000)
 ParOldGen       total 699392K, used 96K [0x0000000080000000, 0x00000000aab00000, 0x00000000d5580000)
  object space 699392K, 0% used [0x0000000080000000,0x0000000080018028,0x00000000aab00000)
 Metaspace       used 20873K, capacity 21130K, committed 21248K, reserved 1069056K
  class space    used 2438K, capacity 2516K, committed 2560K, reserved 1048576K
Event: 2414.429 GC heap after
Heap after GC invocations=2 (full 1):
 PSYoungGen      total 305664K, used 0K [0x00000000d5580000, 0x00000000eaa80000, 0x0000000100000000)
  eden space 262144K, 0% used [0x00000000d5580000,0x00000000d5580000,0x00000000e5580000)
  from space 43520K, 0% used [0x00000000e5580000,0x00000000e5580000,0x00000000e8000000)
  to   space 43520K, 0% used [0x00000000e8000000,0x00000000e8000000,0x00000000eaa80000)
 ParOldGen       total 699392K, used 14335K [0x0000000080000000, 0x00000000aab00000, 0x00000000d5580000)
  object space 699392K, 2% used [0x0000000080000000,0x0000000080dfff30,0x00000000aab00000)
 Metaspace       used 20695K, capacity 20844K, committed 21248K, reserved 1069056K
  class space    used 2410K, capacity 2465K, committed 2560K, reserved 1048576K
}
Event: 3105.935 GC heap before
{Heap before GC invocations=3 (full 1):
 PSYoungGen      total 305664K, used 262144K [0x00000000d5580000, 0x00000000eaa80000, 0x0000000100000000)
  eden space 262144K, 100% used [0x00000000d5580000,0x00000000e5580000,0x00000000e5580000)
  from space 43520K, 0% used [0x00000000e5580000,0x00000000e5580000,0x00000000e8000000)
  to   space 43520K, 0% used [0x00000000e8000000,0x00000000e8000000,0x00000000eaa80000)
 ParOldGen       total 699392K, used 14335K [0x0000000080000000, 0x00000000aab00000, 0x00000000d5580000)
  object space 699392K, 2% used [0x0000000080000000,0x0000000080dfff30,0x00000000aab00000)
 Metaspace       used 25420K, capacity 25818K, committed 25984K, reserved 1073152K
  class space    used 2798K, capacity 2907K, committed 2944K, reserved 1048576K
Event: 3106.018 GC heap after
Heap after GC invocations=3 (full 1):
 PSYoungGen      total 305664K, used 25708K [0x00000000d5580000, 0x00000000eaa80000, 0x0000000100000000)
  eden space 262144K, 0% used [0x00000000d5580000,0x00000000d5580000,0x00000000e5580000)
  from space 43520K, 59% used [0x00000000e8000000,0x00000000e991b300,0x00000000eaa80000)
  to   space 43520K, 0% used [0x00000000e5580000,0x00000000e5580000,0x00000000e8000000)
 ParOldGen       total 699392K, used 14343K [0x0000000080000000, 0x00000000aab00000, 0x00000000d5580000)
  object space 699392K, 2% used [0x0000000080000000,0x0000000080e01f30,0x00000000aab00000)
 Metaspace       used 25420K, capacity 25818K, committed 25984K, reserved 1073152K
  class space    used 2798K, capacity 2907K, committed 2944K, reserved 1048576K
}
Event: 3108.889 GC heap before
{Heap before GC invocations=4 (full 1):
 PSYoungGen      total 305664K, used 287852K [0x00000000d5580000, 0x00000000eaa80000, 0x0000000100000000)
  eden space 262144K, 100% used [0x00000000d5580000,0x00000000e5580000,0x00000000e5580000)
  from space 43520K, 59% used [0x00000000e8000000,0x00000000e991b300,0x00000000eaa80000)
  to   space 43520K, 0% used [0x00000000e5580000,0x00000000e5580000,0x00000000e8000000)
 ParOldGen       total 699392K, used 14343K [0x0000000080000000, 0x00000000aab00000, 0x00000000d5580000)
  object space 699392K, 2% used [0x0000000080000000,0x0000000080e01f30,0x00000000aab00000)
 Metaspace       used 25493K, capacity 25882K, committed 25984K, reserved 1073152K
  class space    used 2800K, capacity 2907K, committed 2944K, reserved 1048576K
Event: 3108.957 GC heap after
Heap after GC invocations=4 (full 1):
 PSYoungGen      total 305664K, used 32191K [0x00000000d5580000, 0x00000000eaa80000, 0x0000000100000000)
  eden space 262144K, 0% used [0x00000000d5580000,0x00000000d5580000,0x00000000e5580000)
  from space 43520K, 73% used [0x00000000e5580000,0x00000000e74effa0,0x00000000e8000000)
  to   space 43520K, 0% used [0x00000000e8000000,0x00000000e8000000,0x00000000eaa80000)
 ParOldGen       total 699392K, used 14351K [0x0000000080000000, 0x00000000aab00000, 0x00000000d5580000)
  object space 699392K, 2% used [0x0000000080000000,0x0000000080e03f30,0x00000000aab00000)
 Metaspace       used 25493K, capacity 25882K, committed 25984K, reserved 1073152K
  class space    used 2800K, capacity 2907K, committed 2944K, reserved 1048576K
}
Event: 3110.330 GC heap before
{Heap before GC invocations=5 (full 1):
 PSYoungGen      total 305664K, used 294335K [0x00000000d5580000, 0x00000000eaa80000, 0x0000000100000000)
  eden space 262144K, 100% used [0x00000000d5580000,0x00000000e5580000,0x00000000e5580000)
  from space 43520K, 73% used [0x00000000e5580000,0x00000000e74effa0,0x00000000e8000000)
  to   space 43520K, 0% used [0x00000000e8000000,0x00000000e8000000,0x00000000eaa80000)
 ParOldGen       total 699392K, used 14351K [0x0000000080000000, 0x00000000aab00000, 0x00000000d5580000)
  object space 699392K, 2% used [0x0000000080000000,0x0000000080e03f30,0x00000000aab00000)
 Metaspace       used 25510K, capacity 25946K, committed 25984K, reserved 1073152K
  class space    used 2800K, capacity 2907K, committed 2944K, reserved 1048576K

